# JRE version: OpenJDK Runtime Environment Microsoft-11369942 (21.0.7+6) (build 21.0.7+6-LTS)
# Java VM: OpenJDK 64-Bit Server VM Microsoft-11369942 (21.0.7+6-LTS, mixed mode, sharing, tiered, compressed oops, compressed class ptrs, g1 gc, linux-amd64)
GC Precious Log:
 CardTable entry size: 512
 Card Set container configuration: InlinePtr #cards 4 size 8 Array Of Cards #cards 32 size 80 Howl #buckets 8 coarsen threshold 7372 Howl Bitmap #cards 1024 size 144 coarsen threshold 921 Card regions per heap region 1 cards per card region 8192
 CPUs: 12 total, 12 available
 Memory: 31805M
 Large Page Support: Disabled
 NUMA Support: Disabled
 Compressed Oops: Enabled (Zero based)
 Heap Region Size: 4M
 Heap Min Capacity: 8M
 Heap Initial Capacity: 500M
 Heap Max Capacity: 7952M
 Pre-touch: Disabled
 Parallel Workers: 10
 Concurrent Workers: 3
 Concurrent Refinement Workers: 10
 Periodic GC: Disabled
Heap:
 garbage-first heap   total 540672K, used 365635K [0x000000060f000000, 0x0000000800000000)
  region size 4096K, 41 young (167936K), 3 survivors (12288K)
 Metaspace       used 100600K, committed 101696K, reserved 1179648K
  class space    used 15387K, committed 15872K, reserved 1048576K
GC Heap History (20 events):
Event: 2.244 GC heap before
{Heap before GC invocations=9 (full 0):
 garbage-first heap   total 356352K, used 301389K [0x000000060f000000, 0x0000000800000000)
  region size 4096K, 52 young (212992K), 5 survivors (20480K)
 Metaspace       used 31632K, committed 32192K, reserved 1114112K
  class space    used 3841K, committed 4096K, reserved 1048576K
}
Event: 2.256 GC heap after
{Heap after GC invocations=10 (full 0):
 garbage-first heap   total 356352K, used 130365K [0x000000060f000000, 0x0000000800000000)
  region size 4096K, 7 young (28672K), 7 survivors (28672K)
 Metaspace       used 31632K, committed 32192K, reserved 1114112K
  class space    used 3841K, committed 4096K, reserved 1048576K
}
Event: 2.527 GC heap before
{Heap before GC invocations=10 (full 0):
 garbage-first heap   total 356352K, used 273725K [0x000000060f000000, 0x0000000800000000)
  region size 4096K, 42 young (172032K), 7 survivors (28672K)
 Metaspace       used 35696K, committed 36224K, reserved 1114112K
  class space    used 4285K, committed 4480K, reserved 1048576K
}
Event: 2.539 GC heap after
{Heap after GC invocations=11 (full 0):
 garbage-first heap   total 356352K, used 147592K [0x000000060f000000, 0x0000000800000000)
  region size 4096K, 4 young (16384K), 4 survivors (16384K)
 Metaspace       used 35696K, committed 36224K, reserved 1114112K
  class space    used 4285K, committed 4480K, reserved 1048576K
}
Event: 2.679 GC heap before
{Heap before GC invocations=11 (full 0):
 garbage-first heap   total 356352K, used 168072K [0x000000060f000000, 0x0000000800000000)
  region size 4096K, 10 young (40960K), 4 survivors (16384K)
 Metaspace       used 36842K, committed 37376K, reserved 1114112K
  class space    used 4406K, committed 4672K, reserved 1048576K
}
Event: 2.683 GC heap after
{Heap after GC invocations=12 (full 0):
 garbage-first heap   total 356352K, used 150416K [0x000000060f000000, 0x0000000800000000)
  region size 4096K, 1 young (4096K), 1 survivors (4096K)
 Metaspace       used 36842K, committed 37376K, reserved 1114112K
  class space    used 4406K, committed 4672K, reserved 1048576K
}
Event: 3.117 GC heap before
{Heap before GC invocations=13 (full 0):
 garbage-first heap   total 356352K, used 297872K [0x000000060f000000, 0x0000000800000000)
  region size 4096K, 37 young (151552K), 1 survivors (4096K)
 Metaspace       used 42883K, committed 43520K, reserved 1114112K
  class space    used 5259K, committed 5568K, reserved 1048576K
}
Event: 3.123 GC heap after
{Heap after GC invocations=14 (full 0):
 garbage-first heap   total 356352K, used 153745K [0x000000060f000000, 0x0000000800000000)
  region size 4096K, 2 young (8192K), 2 survivors (8192K)
 Metaspace       used 42883K, committed 43520K, reserved 1114112K
  class space    used 5259K, committed 5568K, reserved 1048576K
}
Event: 3.425 GC heap before
{Heap before GC invocations=14 (full 0):
 garbage-first heap   total 356352K, used 305297K [0x000000060f000000, 0x0000000800000000)
  region size 4096K, 39 young (159744K), 2 survivors (8192K)
 Metaspace       used 45900K, committed 46528K, reserved 1114112K
  class space    used 5955K, committed 6272K, reserved 1048576K
}
Event: 3.433 GC heap after
{Heap after GC invocations=15 (full 0):
 garbage-first heap   total 450560K, used 162695K [0x000000060f000000, 0x0000000800000000)
  region size 4096K, 4 young (16384K), 4 survivors (16384K)
 Metaspace       used 45900K, committed 46528K, reserved 1114112K
  class space    used 5955K, committed 6272K, reserved 1048576K
}
Event: 3.725 GC heap before
{Heap before GC invocations=15 (full 0):
 garbage-first heap   total 450560K, used 404359K [0x000000060f000000, 0x0000000800000000)
  region size 4096K, 63 young (258048K), 4 survivors (16384K)
 Metaspace       used 48314K, committed 49024K, reserved 1114112K
  class space    used 6448K, committed 6784K, reserved 1048576K
}
Event: 3.733 GC heap after
{Heap after GC invocations=16 (full 0):
 garbage-first heap   total 450560K, used 174463K [0x000000060f000000, 0x0000000800000000)
  region size 4096K, 7 young (28672K), 7 survivors (28672K)
 Metaspace       used 48314K, committed 49024K, reserved 1114112K
  class space    used 6448K, committed 6784K, reserved 1048576K
}
Event: 4.628 GC heap before
{Heap before GC invocations=16 (full 0):
 garbage-first heap   total 450560K, used 395647K [0x000000060f000000, 0x0000000800000000)
  region size 4096K, 61 young (249856K), 7 survivors (28672K)
 Metaspace       used 60710K, committed 61440K, reserved 1114112K
  class space    used 9278K, committed 9600K, reserved 1048576K
}
Event: 4.640 GC heap after
{Heap after GC invocations=17 (full 0):
 garbage-first heap   total 450560K, used 182582K [0x000000060f000000, 0x0000000800000000)
  region size 4096K, 5 young (20480K), 5 survivors (20480K)
 Metaspace       used 60710K, committed 61440K, reserved 1114112K
  class space    used 9278K, committed 9600K, reserved 1048576K
}
Event: 4.937 GC heap before
{Heap before GC invocations=17 (full 0):
 garbage-first heap   total 450560K, used 342326K [0x000000060f000000, 0x0000000800000000)
  region size 4096K, 45 young (184320K), 5 survivors (20480K)
 Metaspace       used 63167K, committed 63808K, reserved 1114112K
  class space    used 9741K, committed 10048K, reserved 1048576K
}
Event: 4.943 GC heap after
{Heap after GC invocations=18 (full 0):
 garbage-first heap   total 450560K, used 188329K [0x000000060f000000, 0x0000000800000000)
  region size 4096K, 4 young (16384K), 4 survivors (16384K)
 Metaspace       used 63167K, committed 63808K, reserved 1114112K
  class space    used 9741K, committed 10048K, reserved 1048576K
}
Event: 5.681 GC heap before
{Heap before GC invocations=19 (full 0):
 garbage-first heap   total 450560K, used 409513K [0x000000060f000000, 0x0000000800000000)
  region size 4096K, 57 young (233472K), 4 survivors (16384K)
 Metaspace       used 78726K, committed 79680K, reserved 1179648K
  class space    used 12652K, committed 13056K, reserved 1048576K
}
Event: 5.690 GC heap after
{Heap after GC invocations=20 (full 0):
 garbage-first heap   total 450560K, used 206985K [0x000000060f000000, 0x0000000800000000)
  region size 4096K, 7 young (28672K), 7 survivors (28672K)
 Metaspace       used 78726K, committed 79680K, reserved 1179648K
  class space    used 12652K, committed 13056K, reserved 1048576K
}
Event: 6.906 GC heap before
{Heap before GC invocations=20 (full 0):
 garbage-first heap   total 450560K, used 395401K [0x000000060f000000, 0x0000000800000000)
  region size 4096K, 53 young (217088K), 7 survivors (28672K)
 Metaspace       used 94649K, committed 95616K, reserved 1179648K
  class space    used 14447K, committed 14848K, reserved 1048576K
}
Event: 6.915 GC heap after
{Heap after GC invocations=21 (full 0):
 garbage-first heap   total 540672K, used 214083K [0x000000060f000000, 0x0000000800000000)
  region size 4096K, 3 young (12288K), 3 survivors (12288K)
 Metaspace       used 94649K, committed 95616K, reserved 1179648K
  class space    used 14447K, committed 14848K, reserved 1048576K
}

