# JRE version: OpenJDK Runtime Environment Microsoft-11369942 (21.0.7+6) (build 21.0.7+6-LTS)
# Java VM: OpenJDK 64-Bit Server VM Microsoft-11369942 (21.0.7+6-LTS, mixed mode, sharing, tiered, compressed oops, compressed class ptrs, g1 gc, linux-amd64)
GC Precious Log:
 CardTable entry size: 512
 Card Set container configuration: InlinePtr #cards 4 size 8 Array Of Cards #cards 32 size 80 Howl #buckets 8 coarsen threshold 7372 Howl Bitmap #cards 1024 size 144 coarsen threshold 921 Card regions per heap region 1 cards per card region 8192
 CPUs: 12 total, 12 available
 Memory: 31805M
 Large Page Support: Disabled
 NUMA Support: Disabled
 Compressed Oops: Enabled (Zero based)
 Heap Region Size: 4M
 Heap Min Capacity: 8M
 Heap Initial Capacity: 500M
 Heap Max Capacity: 7952M
 Pre-touch: Disabled
 Parallel Workers: 10
 Concurrent Workers: 3
 Concurrent Refinement Workers: 10
 Periodic GC: Disabled
Heap:
 garbage-first heap   total 610304K, used 440837K [0x000000060f000000, 0x0000000800000000)
  region size 4096K, 66 young (270336K), 9 survivors (36864K)
 Metaspace       used 100483K, committed 101632K, reserved 1179648K
  class space    used 15380K, committed 15872K, reserved 1048576K
GC Heap History (20 events):
Event: 1.221 GC heap before
{Heap before GC invocations=6 (full 0):
 garbage-first heap   total 753664K, used 193355K [0x000000060f000000, 0x0000000800000000)
  region size 4096K, 28 young (114688K), 2 survivors (8192K)
 Metaspace       used 17680K, committed 17984K, reserved 1114112K
  class space    used 1936K, committed 2048K, reserved 1048576K
}
Event: 1.229 GC heap after
{Heap after GC invocations=7 (full 0):
 garbage-first heap   total 753664K, used 96100K [0x000000060f000000, 0x0000000800000000)
  region size 4096K, 4 young (16384K), 4 survivors (16384K)
 Metaspace       used 17680K, committed 17984K, reserved 1114112K
  class space    used 1936K, committed 2048K, reserved 1048576K
}
Event: 1.430 GC heap before
{Heap before GC invocations=7 (full 0):
 garbage-first heap   total 753664K, used 173924K [0x000000060f000000, 0x0000000800000000)
  region size 4096K, 24 young (98304K), 4 survivors (16384K)
 Metaspace       used 21086K, committed 21504K, reserved 1114112K
  class space    used 2351K, committed 2560K, reserved 1048576K
}
Event: 1.434 GC heap after
{Heap after GC invocations=8 (full 0):
 garbage-first heap   total 753664K, used 98231K [0x000000060f000000, 0x0000000800000000)
  region size 4096K, 3 young (12288K), 3 survivors (12288K)
 Metaspace       used 21086K, committed 21504K, reserved 1114112K
  class space    used 2351K, committed 2560K, reserved 1048576K
}
Event: 2.085 GC heap before
{Heap before GC invocations=9 (full 0):
 garbage-first heap   total 344064K, used 303031K [0x000000060f000000, 0x0000000800000000)
  region size 4096K, 50 young (204800K), 3 survivors (12288K)
 Metaspace       used 31438K, committed 31936K, reserved 1114112K
  class space    used 3818K, committed 4032K, reserved 1048576K
}
Event: 2.099 GC heap after
{Heap after GC invocations=10 (full 0):
 garbage-first heap   total 344064K, used 134176K [0x000000060f000000, 0x0000000800000000)
  region size 4096K, 7 young (28672K), 7 survivors (28672K)
 Metaspace       used 31438K, committed 31936K, reserved 1114112K
  class space    used 3818K, committed 4032K, reserved 1048576K
}
Event: 2.359 GC heap before
{Heap before GC invocations=10 (full 0):
 garbage-first heap   total 344064K, used 265248K [0x000000060f000000, 0x0000000800000000)
  region size 4096K, 39 young (159744K), 7 survivors (28672K)
 Metaspace       used 34527K, committed 35008K, reserved 1114112K
  class space    used 4135K, committed 4352K, reserved 1048576K
}
Event: 2.371 GC heap after
{Heap after GC invocations=11 (full 0):
 garbage-first heap   total 507904K, used 147652K [0x000000060f000000, 0x0000000800000000)
  region size 4096K, 3 young (12288K), 3 survivors (12288K)
 Metaspace       used 34527K, committed 35008K, reserved 1114112K
  class space    used 4135K, committed 4352K, reserved 1048576K
}
Event: 2.514 GC heap before
{Heap before GC invocations=11 (full 0):
 garbage-first heap   total 507904K, used 172228K [0x000000060f000000, 0x0000000800000000)
  region size 4096K, 10 young (40960K), 3 survivors (12288K)
 Metaspace       used 36466K, committed 37056K, reserved 1114112K
  class space    used 4384K, committed 4672K, reserved 1048576K
}
Event: 2.520 GC heap after
{Heap after GC invocations=12 (full 0):
 garbage-first heap   total 507904K, used 150302K [0x000000060f000000, 0x0000000800000000)
  region size 4096K, 4 young (16384K), 4 survivors (16384K)
 Metaspace       used 36466K, committed 37056K, reserved 1114112K
  class space    used 4384K, committed 4672K, reserved 1048576K
}
Event: 3.230 GC heap before
{Heap before GC invocations=13 (full 0):
 garbage-first heap   total 507904K, used 437022K [0x000000060f000000, 0x0000000800000000)
  region size 4096K, 74 young (303104K), 4 survivors (16384K)
 Metaspace       used 45908K, committed 46592K, reserved 1114112K
  class space    used 5954K, committed 6272K, reserved 1048576K
}
Event: 3.239 GC heap after
{Heap after GC invocations=14 (full 0):
 garbage-first heap   total 507904K, used 163013K [0x000000060f000000, 0x0000000800000000)
  region size 4096K, 7 young (28672K), 7 survivors (28672K)
 Metaspace       used 45908K, committed 46592K, reserved 1114112K
  class space    used 5954K, committed 6272K, reserved 1048576K
}
Event: 3.640 GC heap before
{Heap before GC invocations=14 (full 0):
 garbage-first heap   total 507904K, used 437445K [0x000000060f000000, 0x0000000800000000)
  region size 4096K, 74 young (303104K), 7 survivors (28672K)
 Metaspace       used 48527K, committed 49216K, reserved 1114112K
  class space    used 6463K, committed 6784K, reserved 1048576K
}
Event: 3.651 GC heap after
{Heap after GC invocations=15 (full 0):
 garbage-first heap   total 507904K, used 172664K [0x000000060f000000, 0x0000000800000000)
  region size 4096K, 7 young (28672K), 7 survivors (28672K)
 Metaspace       used 48527K, committed 49216K, reserved 1114112K
  class space    used 6463K, committed 6784K, reserved 1048576K
}
Event: 4.428 GC heap before
{Heap before GC invocations=15 (full 0):
 garbage-first heap   total 507904K, used 447096K [0x000000060f000000, 0x0000000800000000)
  region size 4096K, 74 young (303104K), 7 survivors (28672K)
 Metaspace       used 60727K, committed 61440K, reserved 1114112K
  class space    used 9279K, committed 9600K, reserved 1048576K
}
Event: 4.437 GC heap after
{Heap after GC invocations=16 (full 0):
 garbage-first heap   total 507904K, used 184094K [0x000000060f000000, 0x0000000800000000)
  region size 4096K, 6 young (24576K), 6 survivors (24576K)
 Metaspace       used 60727K, committed 61440K, reserved 1114112K
  class space    used 9279K, committed 9600K, reserved 1048576K
}
Event: 4.568 GC heap before
{Heap before GC invocations=16 (full 0):
 garbage-first heap   total 507904K, used 237342K [0x000000060f000000, 0x0000000800000000)
  region size 4096K, 20 young (81920K), 6 survivors (24576K)
 Metaspace       used 62064K, committed 62720K, reserved 1114112K
  class space    used 9525K, committed 9856K, reserved 1048576K
}
Event: 4.579 GC heap after
{Heap after GC invocations=17 (full 0):
 garbage-first heap   total 610304K, used 186678K [0x000000060f000000, 0x0000000800000000)
  region size 4096K, 4 young (16384K), 4 survivors (16384K)
 Metaspace       used 62064K, committed 62720K, reserved 1114112K
  class space    used 9525K, committed 9856K, reserved 1048576K
}
Event: 6.291 GC heap before
{Heap before GC invocations=18 (full 0):
 garbage-first heap   total 610304K, used 534838K [0x000000060f000000, 0x0000000800000000)
  region size 4096K, 88 young (360448K), 4 survivors (16384K)
 Metaspace       used 90043K, committed 91072K, reserved 1179648K
  class space    used 13944K, committed 14400K, reserved 1048576K
}
Event: 6.301 GC heap after
{Heap after GC invocations=19 (full 0):
 garbage-first heap   total 610304K, used 211461K [0x000000060f000000, 0x0000000800000000)
  region size 4096K, 9 young (36864K), 9 survivors (36864K)
 Metaspace       used 90043K, committed 91072K, reserved 1179648K
  class space    used 13944K, committed 14400K, reserved 1048576K
}

