# JRE version: OpenJDK Runtime Environment Microsoft-11369942 (21.0.7+6) (build 21.0.7+6-LTS)
# Java VM: OpenJDK 64-Bit Server VM Microsoft-11369942 (21.0.7+6-LTS, mixed mode, sharing, tiered, compressed oops, compressed class ptrs, g1 gc, linux-amd64)
GC Precious Log:
 CardTable entry size: 512
 Card Set container configuration: InlinePtr #cards 4 size 8 Array Of Cards #cards 32 size 80 Howl #buckets 8 coarsen threshold 7372 Howl Bitmap #cards 1024 size 144 coarsen threshold 921 Card regions per heap region 1 cards per card region 8192
 CPUs: 12 total, 12 available
 Memory: 31805M
 Large Page Support: Disabled
 NUMA Support: Disabled
 Compressed Oops: Enabled (Zero based)
 Heap Region Size: 4M
 Heap Min Capacity: 8M
 Heap Initial Capacity: 500M
 Heap Max Capacity: 7952M
 Pre-touch: Disabled
 Parallel Workers: 10
 Concurrent Workers: 3
 Concurrent Refinement Workers: 10
 Periodic GC: Disabled
Heap:
 garbage-first heap   total 548864K, used 356321K [0x000000060f000000, 0x0000000800000000)
  region size 4096K, 39 young (159744K), 3 survivors (12288K)
 Metaspace       used 100341K, committed 101504K, reserved 1179648K
  class space    used 15365K, committed 15872K, reserved 1048576K
GC Heap History (20 events):
Event: 1.688 GC heap before
{Heap before GC invocations=7 (full 0):
 garbage-first heap   total 884736K, used 209815K [0x000000060f000000, 0x0000000800000000)
  region size 4096K, 33 young (135168K), 4 survivors (16384K)
 Metaspace       used 21087K, committed 21504K, reserved 1114112K
  class space    used 2349K, committed 2560K, reserved 1048576K
}
Event: 1.695 GC heap after
{Heap after GC invocations=8 (full 0):
 garbage-first heap   total 884736K, used 100053K [0x000000060f000000, 0x0000000800000000)
  region size 4096K, 5 young (20480K), 5 survivors (20480K)
 Metaspace       used 21087K, committed 21504K, reserved 1114112K
  class space    used 2349K, committed 2560K, reserved 1048576K
}
Event: 2.460 GC heap before
{Heap before GC invocations=9 (full 0):
 garbage-first heap   total 356352K, used 304853K [0x000000060f000000, 0x0000000800000000)
  region size 4096K, 52 young (212992K), 5 survivors (20480K)
 Metaspace       used 31351K, committed 31872K, reserved 1114112K
  class space    used 3810K, committed 4032K, reserved 1048576K
}
Event: 2.480 GC heap after
{Heap after GC invocations=10 (full 0):
 garbage-first heap   total 356352K, used 136790K [0x000000060f000000, 0x0000000800000000)
  region size 4096K, 7 young (28672K), 7 survivors (28672K)
 Metaspace       used 31351K, committed 31872K, reserved 1114112K
  class space    used 3810K, committed 4032K, reserved 1048576K
}
Event: 2.786 GC heap before
{Heap before GC invocations=10 (full 0):
 garbage-first heap   total 356352K, used 276054K [0x000000060f000000, 0x0000000800000000)
  region size 4096K, 41 young (167936K), 7 survivors (28672K)
 Metaspace       used 35191K, committed 35712K, reserved 1114112K
  class space    used 4216K, committed 4416K, reserved 1048576K
}
Event: 2.797 GC heap after
{Heap after GC invocations=11 (full 0):
 garbage-first heap   total 356352K, used 149110K [0x000000060f000000, 0x0000000800000000)
  region size 4096K, 4 young (16384K), 4 survivors (16384K)
 Metaspace       used 35191K, committed 35712K, reserved 1114112K
  class space    used 4216K, committed 4416K, reserved 1048576K
}
Event: 2.971 GC heap before
{Heap before GC invocations=11 (full 0):
 garbage-first heap   total 356352K, used 173686K [0x000000060f000000, 0x0000000800000000)
  region size 4096K, 11 young (45056K), 4 survivors (16384K)
 Metaspace       used 36524K, committed 37120K, reserved 1114112K
  class space    used 4388K, committed 4672K, reserved 1048576K
}
Event: 2.974 GC heap after
{Heap after GC invocations=12 (full 0):
 garbage-first heap   total 454656K, used 149166K [0x000000060f000000, 0x0000000800000000)
  region size 4096K, 4 young (16384K), 4 survivors (16384K)
 Metaspace       used 36524K, committed 37120K, reserved 1114112K
  class space    used 4388K, committed 4672K, reserved 1048576K
}
Event: 3.536 GC heap before
{Heap before GC invocations=13 (full 0):
 garbage-first heap   total 454656K, used 394926K [0x000000060f000000, 0x0000000800000000)
  region size 4096K, 64 young (262144K), 4 survivors (16384K)
 Metaspace       used 45027K, committed 45632K, reserved 1114112K
  class space    used 5698K, committed 6016K, reserved 1048576K
}
Event: 3.543 GC heap after
{Heap after GC invocations=14 (full 0):
 garbage-first heap   total 454656K, used 159337K [0x000000060f000000, 0x0000000800000000)
  region size 4096K, 6 young (24576K), 6 survivors (24576K)
 Metaspace       used 45027K, committed 45632K, reserved 1114112K
  class space    used 5698K, committed 6016K, reserved 1048576K
}
Event: 3.810 GC heap before
{Heap before GC invocations=14 (full 0):
 garbage-first heap   total 454656K, used 396905K [0x000000060f000000, 0x0000000800000000)
  region size 4096K, 64 young (262144K), 6 survivors (24576K)
 Metaspace       used 47585K, committed 48192K, reserved 1114112K
  class space    used 6318K, committed 6592K, reserved 1048576K
}
Event: 3.820 GC heap after
{Heap after GC invocations=15 (full 0):
 garbage-first heap   total 454656K, used 172699K [0x000000060f000000, 0x0000000800000000)
  region size 4096K, 7 young (28672K), 7 survivors (28672K)
 Metaspace       used 47585K, committed 48192K, reserved 1114112K
  class space    used 6318K, committed 6592K, reserved 1048576K
}
Event: 4.418 GC heap before
{Heap before GC invocations=15 (full 0):
 garbage-first heap   total 454656K, used 393883K [0x000000060f000000, 0x0000000800000000)
  region size 4096K, 61 young (249856K), 7 survivors (28672K)
 Metaspace       used 57381K, committed 58112K, reserved 1114112K
  class space    used 8507K, committed 8832K, reserved 1048576K
}
Event: 4.428 GC heap after
{Heap after GC invocations=16 (full 0):
 garbage-first heap   total 454656K, used 179487K [0x000000060f000000, 0x0000000800000000)
  region size 4096K, 5 young (20480K), 5 survivors (20480K)
 Metaspace       used 57381K, committed 58112K, reserved 1114112K
  class space    used 8507K, committed 8832K, reserved 1048576K
}
Event: 4.884 GC heap before
{Heap before GC invocations=16 (full 0):
 garbage-first heap   total 454656K, used 396575K [0x000000060f000000, 0x0000000800000000)
  region size 4096K, 59 young (241664K), 5 survivors (20480K)
 Metaspace       used 63261K, committed 63936K, reserved 1114112K
  class space    used 9755K, committed 10048K, reserved 1048576K
}
Event: 4.892 GC heap after
{Heap after GC invocations=17 (full 0):
 garbage-first heap   total 454656K, used 188522K [0x000000060f000000, 0x0000000800000000)
  region size 4096K, 4 young (16384K), 4 survivors (16384K)
 Metaspace       used 63261K, committed 63936K, reserved 1114112K
  class space    used 9755K, committed 10048K, reserved 1048576K
}
Event: 5.569 GC heap before
{Heap before GC invocations=18 (full 0):
 garbage-first heap   total 454656K, used 409706K [0x000000060f000000, 0x0000000800000000)
  region size 4096K, 57 young (233472K), 4 survivors (16384K)
 Metaspace       used 78838K, committed 79744K, reserved 1179648K
  class space    used 12675K, committed 13056K, reserved 1048576K
}
Event: 5.580 GC heap after
{Heap after GC invocations=19 (full 0):
 garbage-first heap   total 454656K, used 208962K [0x000000060f000000, 0x0000000800000000)
  region size 4096K, 8 young (32768K), 8 survivors (32768K)
 Metaspace       used 78838K, committed 79744K, reserved 1179648K
  class space    used 12675K, committed 13056K, reserved 1048576K
}
Event: 6.780 GC heap before
{Heap before GC invocations=19 (full 0):
 garbage-first heap   total 454656K, used 389186K [0x000000060f000000, 0x0000000800000000)
  region size 4096K, 52 young (212992K), 8 survivors (32768K)
 Metaspace       used 94557K, committed 95552K, reserved 1179648K
  class space    used 14450K, committed 14912K, reserved 1048576K
}
Event: 6.790 GC heap after
{Heap after GC invocations=20 (full 0):
 garbage-first heap   total 548864K, used 212961K [0x000000060f000000, 0x0000000800000000)
  region size 4096K, 3 young (12288K), 3 survivors (12288K)
 Metaspace       used 94557K, committed 95552K, reserved 1179648K
  class space    used 14450K, committed 14912K, reserved 1048576K
}

